97.09.22 18:13 B D:\RDATA\project\Case\BUTTONS\BACK.GIF --> freespace.virgin.net /docs/case/buttons BACK.GIF
97.09.22 18:13 B D:\RDATA\project\Case\BUTTONS\clear.gif --> freespace.virgin.net /docs/case/buttons clear.gif
97.09.22 18:13 B D:\RDATA\project\Case\BUTTONS\close.gif --> freespace.virgin.net /docs/case/buttons close.gif
97.09.22 18:13 B D:\RDATA\project\Case\BUTTONS\close.MAP --> freespace.virgin.net /docs/case/buttons close.MAP
97.09.22 18:13 B D:\RDATA\project\Case\BUTTONS\CONTINUE.GIF --> freespace.virgin.net /docs/case/buttons CONTINUE.GIF
97.09.22 18:13 B D:\RDATA\project\Case\BUTTONS\GREEN_BA.GIF --> freespace.virgin.net /docs/case/buttons GREEN_BA.GIF
97.09.22 19:38 B D:\RDATA\project\case\buttons\back.gif --> freespace.virgin.net /docs/case/buttons back.gif
97.09.22 19:38 B D:\RDATA\project\case\buttons\clear.gif --> freespace.virgin.net /docs/case/buttons clear.gif
97.09.22 19:38 B D:\RDATA\project\case\buttons\close.gif --> freespace.virgin.net /docs/case/buttons close.gif
97.09.22 19:38 B D:\RDATA\project\case\buttons\close.MAP --> freespace.virgin.net /docs/case/buttons close.MAP
97.09.22 19:38 B D:\RDATA\project\case\buttons\continue.gif --> freespace.virgin.net /docs/case/buttons continue.gif
97.09.22 19:38 B D:\RDATA\project\case\buttons\GREEN_BA.GIF --> freespace.virgin.net /docs/case/buttons GREEN_BA.GIF
97.09.23 19:40 B D:\RDATA\project\case\buttons\WS_FTP.LOG <-- freespace /docs/case/buttons WS_FTP.LOG
2001.04.27 11:37 B C:\My Music\heatex2\buttons\WS_FTP.LOG <-- staffi /disks/disk02/mp/mpmrs/public_html/heatex2/buttons WS_FTP.LOG
2001.04.27 13:20 B C:\Other data\heat exchanger case study\heatex2\buttons\back.gif --> uploads.webspace.freeserve.net /heatex2/buttons back.gif
2001.04.27 13:20 B C:\Other data\heat exchanger case study\heatex2\buttons\clear.gif --> uploads.webspace.freeserve.net /heatex2/buttons clear.gif
2001.04.27 13:20 B C:\Other data\heat exchanger case study\heatex2\buttons\close.gif --> uploads.webspace.freeserve.net /heatex2/buttons close.gif
2001.04.27 13:20 B C:\Other data\heat exchanger case study\heatex2\buttons\close.MAP --> uploads.webspace.freeserve.net /heatex2/buttons close.MAP
2001.04.27 13:20 B C:\Other data\heat exchanger case study\heatex2\buttons\continue.gif --> uploads.webspace.freeserve.net /heatex2/buttons continue.gif
2001.04.27 13:20 B C:\Other data\heat exchanger case study\heatex2\buttons\green_ba.gif --> uploads.webspace.freeserve.net /heatex2/buttons green_ba.gif
2001.11.29 20:28 B D:\My Documents\raf\webspace\heatex2\buttons\WS_FTP.LOG <-- freeserve /heatex2/buttons WS_FTP.LOG
2002.07.09 11:12 B D:\My Documents\raf\webspace\heatex2\buttons\back.gif --> members.aol.com /rafshaheedullah/heatex2/buttons back.gif
2002.07.09 11:12 B D:\My Documents\raf\webspace\heatex2\buttons\clear.gif --> members.aol.com /rafshaheedullah/heatex2/buttons clear.gif
2002.07.09 11:12 B D:\My Documents\raf\webspace\heatex2\buttons\close.gif --> members.aol.com /rafshaheedullah/heatex2/buttons close.gif
2002.07.09 11:12 B D:\My Documents\raf\webspace\heatex2\buttons\close.MAP --> members.aol.com /rafshaheedullah/heatex2/buttons close.MAP
2002.07.09 11:12 B D:\My Documents\raf\webspace\heatex2\buttons\continue.gif --> members.aol.com /rafshaheedullah/heatex2/buttons continue.gif
2002.07.09 11:12 B D:\My Documents\raf\webspace\heatex2\buttons\green_ba.gif --> members.aol.com /rafshaheedullah/heatex2/buttons green_ba.gif
2002.07.09 11:12 B D:\My Documents\raf\webspace\heatex2\buttons\WS_FTP.LOG --> members.aol.com /rafshaheedullah/heatex2/buttons WS_FTP.LOG
2002.08.27 13:49 B C:\Documents and Settings\Raf Shaheedullah\My Documents\webspace\heatex2\buttons\WS_FTP.LOG --> members.aol.com /rafshaheedullah/heatex2/buttons WS_FTP.LOG
